<?xml version="1.0" encoding="UTF-8"?>
<!-- Generated by org.testng.reporters.JUnitReportReporter -->
<testsuite hostname="Manan" name="springmvc.model.dao.UserDaoTest" tests="3" failures="0" timestamp="1 Feb 2016 11:25:49 GMT" time="0.303" errors="0">
  <testcase name="getdep" time="0.026" classname="springmvc.model.dao.UserDaoTest"/>
  <testcase name="userApplication" time="0.085" classname="springmvc.model.dao.UserDaoTest"/>
  <testcase name="getDepts" time="0.192" classname="springmvc.model.dao.UserDaoTest"/>
</testsuite> <!-- springmvc.model.dao.UserDaoTest -->
